{"C:\\Users\\pipej\\Projects\\glydeproper\\apps\\frontend\\src\\lib\\apiUtils.ts": {"path":"C:\\Users\\pipej\\Projects\\glydeproper\\apps\\frontend\\src\\lib\\apiUtils.ts","statementMap":{"0":{"start":{"line":44,"column":2},"end":{"line":72,"column":null}},"1":{"start":{"line":45,"column":21},"end":{"line":51,"column":null}},"2":{"start":{"line":53,"column":17},"end":{"line":53,"column":null}},"3":{"start":{"line":55,"column":4},"end":{"line":60,"column":null}},"4":{"start":{"line":56,"column":6},"end":{"line":59,"column":null}},"5":{"start":{"line":62,"column":4},"end":{"line":65,"column":null}},"6":{"start":{"line":67,"column":4},"end":{"line":67,"column":null}},"7":{"start":{"line":68,"column":4},"end":{"line":71,"column":null}},"8":{"start":{"line":80,"column":2},"end":{"line":84,"column":null}},"9":{"start":{"line":81,"column":4},"end":{"line":83,"column":null}},"10":{"start":{"line":82,"column":6},"end":{"line":82,"column":null}},"11":{"start":{"line":85,"column":2},"end":{"line":85,"column":null}},"12":{"start":{"line":90,"column":2},"end":{"line":93,"column":null}},"13":{"start":{"line":98,"column":2},"end":{"line":98,"column":null}},"14":{"start":{"line":98,"column":33},"end":{"line":98,"column":null}},"15":{"start":{"line":99,"column":2},"end":{"line":99,"column":null}},"16":{"start":{"line":99,"column":22},"end":{"line":99,"column":null}},"17":{"start":{"line":100,"column":2},"end":{"line":100,"column":null}},"18":{"start":{"line":100,"column":20},"end":{"line":100,"column":null}},"19":{"start":{"line":101,"column":2},"end":{"line":101,"column":null}},"20":{"start":{"line":110,"column":2},"end":{"line":113,"column":null}},"21":{"start":{"line":111,"column":4},"end":{"line":111,"column":null}},"22":{"start":{"line":112,"column":4},"end":{"line":112,"column":null}},"23":{"start":{"line":112,"column":31},"end":{"line":112,"column":46}}},"fnMap":{"0":{"name":"apiCall","decl":{"start":{"line":40,"column":22},"end":{"line":40,"column":null}},"loc":{"start":{"line":43,"column":27},"end":{"line":73,"column":null}},"line":43},"1":{"name":"validateRequired","decl":{"start":{"line":76,"column":16},"end":{"line":76,"column":null}},"loc":{"start":{"line":79,"column":17},"end":{"line":86,"column":null}},"line":79},"2":{"name":"sanitizeString","decl":{"start":{"line":89,"column":16},"end":{"line":89,"column":31}},"loc":{"start":{"line":89,"column":80},"end":{"line":94,"column":null}},"line":89},"3":{"name":"formatErrorMessage","decl":{"start":{"line":97,"column":16},"end":{"line":97,"column":35}},"loc":{"start":{"line":97,"column":55},"end":{"line":102,"column":null}},"line":97},"4":{"name":"debounce","decl":{"start":{"line":105,"column":16},"end":{"line":105,"column":null}},"loc":{"start":{"line":108,"column":36},"end":{"line":114,"column":null}},"line":108},"5":{"name":"(anonymous_5)","decl":{"start":{"line":110,"column":9},"end":{"line":110,"column":13}},"loc":{"start":{"line":110,"column":37},"end":{"line":113,"column":null}},"line":110},"6":{"name":"(anonymous_6)","decl":{"start":{"line":112,"column":25},"end":{"line":112,"column":31}},"loc":{"start":{"line":112,"column":31},"end":{"line":112,"column":46}},"line":112}},"branchMap":{"0":{"loc":{"start":{"line":42,"column":2},"end":{"line":42,"column":null}},"type":"default-arg","locations":[{"start":{"line":42,"column":25},"end":{"line":42,"column":null}}],"line":42},"1":{"loc":{"start":{"line":55,"column":4},"end":{"line":60,"column":null}},"type":"if","locations":[{"start":{"line":55,"column":4},"end":{"line":60,"column":null}},{"start":{},"end":{}}],"line":55},"2":{"loc":{"start":{"line":58,"column":15},"end":{"line":58,"column":null}},"type":"binary-expr","locations":[{"start":{"line":58,"column":15},"end":{"line":58,"column":29}},{"start":{"line":58,"column":29},"end":{"line":58,"column":null}}],"line":58},"3":{"loc":{"start":{"line":70,"column":13},"end":{"line":70,"column":null}},"type":"cond-expr","locations":[{"start":{"line":70,"column":38},"end":{"line":70,"column":54}},{"start":{"line":70,"column":54},"end":{"line":70,"column":null}}],"line":70},"4":{"loc":{"start":{"line":81,"column":4},"end":{"line":83,"column":null}},"type":"if","locations":[{"start":{"line":81,"column":4},"end":{"line":83,"column":null}},{"start":{},"end":{}}],"line":81},"5":{"loc":{"start":{"line":81,"column":8},"end":{"line":81,"column":94}},"type":"binary-expr","locations":[{"start":{"line":81,"column":8},"end":{"line":81,"column":25}},{"start":{"line":81,"column":25},"end":{"line":81,"column":60}},{"start":{"line":81,"column":60},"end":{"line":81,"column":94}}],"line":81},"6":{"loc":{"start":{"line":89,"column":46},"end":{"line":89,"column":80}},"type":"default-arg","locations":[{"start":{"line":89,"column":66},"end":{"line":89,"column":80}}],"line":89},"7":{"loc":{"start":{"line":98,"column":2},"end":{"line":98,"column":null}},"type":"if","locations":[{"start":{"line":98,"column":2},"end":{"line":98,"column":null}},{"start":{},"end":{}}],"line":98},"8":{"loc":{"start":{"line":99,"column":2},"end":{"line":99,"column":null}},"type":"if","locations":[{"start":{"line":99,"column":2},"end":{"line":99,"column":null}},{"start":{},"end":{}}],"line":99},"9":{"loc":{"start":{"line":100,"column":2},"end":{"line":100,"column":null}},"type":"if","locations":[{"start":{"line":100,"column":2},"end":{"line":100,"column":null}},{"start":{},"end":{}}],"line":100}},"s":{"0":0,"1":0,"2":0,"3":0,"4":0,"5":0,"6":0,"7":0,"8":4,"9":4,"10":3,"11":1,"12":3,"13":4,"14":1,"15":3,"16":1,"17":2,"18":1,"19":1,"20":1,"21":3,"22":3,"23":0},"f":{"0":0,"1":4,"2":3,"3":4,"4":1,"5":3,"6":0},"b":{"0":[0],"1":[0,0],"2":[0,0],"3":[0,0],"4":[3,1],"5":[4,2,2],"6":[3],"7":[1,3],"8":[1,2],"9":[1,1]},"meta":{"lastBranch":10,"lastFunction":7,"lastStatement":24,"seen":{"f:40:22:40:Infinity":0,"b:42:25:42:Infinity":0,"s:44:2:72:Infinity":0,"s:45:21:51:Infinity":1,"s:53:17:53:Infinity":2,"b:55:4:60:Infinity:undefined:undefined:undefined:undefined":1,"s:55:4:60:Infinity":3,"s:56:6:59:Infinity":4,"b:58:15:58:29:58:29:58:Infinity":2,"s:62:4:65:Infinity":5,"s:67:4:67:Infinity":6,"s:68:4:71:Infinity":7,"b:70:38:70:54:70:54:70:Infinity":3,"f:76:16:76:Infinity":1,"s:80:2:84:Infinity":8,"b:81:4:83:Infinity:undefined:undefined:undefined:undefined":4,"s:81:4:83:Infinity":9,"b:81:8:81:25:81:25:81:60:81:60:81:94":5,"s:82:6:82:Infinity":10,"s:85:2:85:Infinity":11,"f:89:16:89:31":2,"b:89:66:89:80":6,"s:90:2:93:Infinity":12,"f:97:16:97:35":3,"b:98:2:98:Infinity:undefined:undefined:undefined:undefined":7,"s:98:2:98:Infinity":13,"s:98:33:98:Infinity":14,"b:99:2:99:Infinity:undefined:undefined:undefined:undefined":8,"s:99:2:99:Infinity":15,"s:99:22:99:Infinity":16,"b:100:2:100:Infinity:undefined:undefined:undefined:undefined":9,"s:100:2:100:Infinity":17,"s:100:20:100:Infinity":18,"s:101:2:101:Infinity":19,"f:105:16:105:Infinity":4,"s:110:2:113:Infinity":20,"f:110:9:110:13":5,"s:111:4:111:Infinity":21,"s:112:4:112:Infinity":22,"f:112:25:112:31":6,"s:112:31:112:46":23}}}
,"C:\\Users\\pipej\\Projects\\glydeproper\\apps\\frontend\\src\\lib\\recurrenceUtils.ts": {"path":"C:\\Users\\pipej\\Projects\\glydeproper\\apps\\frontend\\src\\lib\\recurrenceUtils.ts","statementMap":{"0":{"start":{"line":15,"column":2},"end":{"line":72,"column":null}},"1":{"start":{"line":16,"column":18},"end":{"line":16,"column":null}},"2":{"start":{"line":17,"column":46},"end":{"line":17,"column":null}},"3":{"start":{"line":19,"column":4},"end":{"line":24,"column":null}},"4":{"start":{"line":20,"column":27},"end":{"line":20,"column":null}},"5":{"start":{"line":21,"column":6},"end":{"line":23,"column":null}},"6":{"start":{"line":22,"column":8},"end":{"line":22,"column":null}},"7":{"start":{"line":27,"column":47},"end":{"line":32,"column":null}},"8":{"start":{"line":34,"column":17},"end":{"line":34,"column":null}},"9":{"start":{"line":37,"column":4},"end":{"line":39,"column":null}},"10":{"start":{"line":38,"column":6},"end":{"line":38,"column":null}},"11":{"start":{"line":42,"column":4},"end":{"line":55,"column":null}},"12":{"start":{"line":43,"column":48},"end":{"line":51,"column":null}},"13":{"start":{"line":53,"column":19},"end":{"line":53,"column":null}},"14":{"start":{"line":53,"column":52},"end":{"line":53,"column":66}},"15":{"start":{"line":54,"column":6},"end":{"line":54,"column":null}},"16":{"start":{"line":58,"column":4},"end":{"line":60,"column":null}},"17":{"start":{"line":59,"column":6},"end":{"line":59,"column":null}},"18":{"start":{"line":63,"column":4},"end":{"line":66,"column":null}},"19":{"start":{"line":64,"column":24},"end":{"line":64,"column":null}},"20":{"start":{"line":65,"column":6},"end":{"line":65,"column":null}},"21":{"start":{"line":68,"column":4},"end":{"line":68,"column":null}},"22":{"start":{"line":70,"column":4},"end":{"line":70,"column":null}},"23":{"start":{"line":71,"column":4},"end":{"line":71,"column":null}},"24":{"start":{"line":89,"column":2},"end":{"line":140,"column":null}},"25":{"start":{"line":90,"column":15},"end":{"line":90,"column":null}},"26":{"start":{"line":93,"column":20},"end":{"line":93,"column":null}},"27":{"start":{"line":94,"column":22},"end":{"line":94,"column":null}},"28":{"start":{"line":95,"column":23},"end":{"line":95,"column":null}},"29":{"start":{"line":96,"column":21},"end":{"line":96,"column":null}},"30":{"start":{"line":98,"column":25},"end":{"line":98,"column":null}},"31":{"start":{"line":99,"column":22},"end":{"line":99,"column":null}},"32":{"start":{"line":100,"column":24},"end":{"line":100,"column":null}},"33":{"start":{"line":104,"column":25},"end":{"line":104,"column":null}},"34":{"start":{"line":106,"column":10},"end":{"line":106,"column":null}},"35":{"start":{"line":109,"column":16},"end":{"line":109,"column":null}},"36":{"start":{"line":110,"column":20},"end":{"line":110,"column":null}},"37":{"start":{"line":111,"column":21},"end":{"line":111,"column":null}},"38":{"start":{"line":112,"column":19},"end":{"line":112,"column":null}},"39":{"start":{"line":113,"column":23},"end":{"line":113,"column":null}},"40":{"start":{"line":114,"column":20},"end":{"line":114,"column":null}},"41":{"start":{"line":115,"column":22},"end":{"line":115,"column":null}},"42":{"start":{"line":116,"column":21},"end":{"line":116,"column":null}},"43":{"start":{"line":118,"column":20},"end":{"line":118,"column":null}},"44":{"start":{"line":119,"column":24},"end":{"line":119,"column":null}},"45":{"start":{"line":122,"column":31},"end":{"line":122,"column":null}},"46":{"start":{"line":126,"column":4},"end":{"line":136,"column":null}},"47":{"start":{"line":128,"column":6},"end":{"line":135,"column":null}},"48":{"start":{"line":138,"column":4},"end":{"line":138,"column":null}},"49":{"start":{"line":139,"column":4},"end":{"line":139,"column":null}},"50":{"start":{"line":147,"column":2},"end":{"line":149,"column":null}},"51":{"start":{"line":148,"column":4},"end":{"line":148,"column":null}},"52":{"start":{"line":151,"column":2},"end":{"line":156,"column":null}},"53":{"start":{"line":152,"column":24},"end":{"line":152,"column":null}},"54":{"start":{"line":153,"column":4},"end":{"line":153,"column":null}},"55":{"start":{"line":155,"column":4},"end":{"line":155,"column":null}},"56":{"start":{"line":163,"column":2},"end":{"line":163,"column":null}},"57":{"start":{"line":170,"column":2},"end":{"line":170,"column":null}},"58":{"start":{"line":176,"column":34},"end":{"line":207,"column":null}},"59":{"start":{"line":236,"column":18},"end":{"line":241,"column":null}},"60":{"start":{"line":243,"column":14},"end":{"line":243,"column":null}},"61":{"start":{"line":245,"column":2},"end":{"line":247,"column":null}},"62":{"start":{"line":246,"column":4},"end":{"line":246,"column":null}},"63":{"start":{"line":249,"column":2},"end":{"line":251,"column":null}},"64":{"start":{"line":250,"column":4},"end":{"line":250,"column":null}},"65":{"start":{"line":253,"column":2},"end":{"line":255,"column":null}},"66":{"start":{"line":254,"column":4},"end":{"line":254,"column":null}},"67":{"start":{"line":257,"column":2},"end":{"line":262,"column":null}},"68":{"start":{"line":258,"column":4},"end":{"line":258,"column":null}},"69":{"start":{"line":259,"column":2},"end":{"line":262,"column":null}},"70":{"start":{"line":260,"column":20},"end":{"line":260,"column":null}},"71":{"start":{"line":261,"column":4},"end":{"line":261,"column":null}},"72":{"start":{"line":264,"column":2},"end":{"line":264,"column":null}},"73":{"start":{"line":271,"column":2},"end":{"line":303,"column":null}},"74":{"start":{"line":272,"column":18},"end":{"line":272,"column":null}},"75":{"start":{"line":273,"column":46},"end":{"line":273,"column":null}},"76":{"start":{"line":275,"column":4},"end":{"line":280,"column":null}},"77":{"start":{"line":276,"column":27},"end":{"line":276,"column":null}},"78":{"start":{"line":277,"column":6},"end":{"line":279,"column":null}},"79":{"start":{"line":278,"column":8},"end":{"line":278,"column":null}},"80":{"start":{"line":282,"column":82},"end":{"line":287,"column":null}},"81":{"start":{"line":289,"column":26},"end":{"line":297,"column":null}},"82":{"start":{"line":299,"column":4},"end":{"line":299,"column":null}},"83":{"start":{"line":301,"column":4},"end":{"line":301,"column":null}},"84":{"start":{"line":302,"column":4},"end":{"line":302,"column":null}},"85":{"start":{"line":310,"column":2},"end":{"line":315,"column":null}},"86":{"start":{"line":311,"column":4},"end":{"line":311,"column":null}},"87":{"start":{"line":312,"column":4},"end":{"line":312,"column":null}},"88":{"start":{"line":314,"column":4},"end":{"line":314,"column":null}}},"fnMap":{"0":{"name":"formatRRuleForDisplay","decl":{"start":{"line":14,"column":16},"end":{"line":14,"column":38}},"loc":{"start":{"line":14,"column":61},"end":{"line":73,"column":null}},"line":14},"1":{"name":"(anonymous_1)","decl":{"start":{"line":53,"column":47},"end":{"line":53,"column":52}},"loc":{"start":{"line":53,"column":52},"end":{"line":53,"column":66}},"line":53},"2":{"name":"getNextOccurrences","decl":{"start":{"line":83,"column":16},"end":{"line":83,"column":null}},"loc":{"start":{"line":88,"column":10},"end":{"line":141,"column":null}},"line":88},"3":{"name":"(anonymous_3)","decl":{"start":{"line":126,"column":34},"end":{"line":126,"column":45}},"loc":{"start":{"line":126,"column":45},"end":{"line":136,"column":5}},"line":126},"4":{"name":"getRecurrenceBadge","decl":{"start":{"line":146,"column":16},"end":{"line":146,"column":35}},"loc":{"start":{"line":146,"column":62},"end":{"line":157,"column":null}},"line":146},"5":{"name":"isRecurringInstance","decl":{"start":{"line":162,"column":16},"end":{"line":162,"column":36}},"loc":{"start":{"line":162,"column":57},"end":{"line":164,"column":null}},"line":162},"6":{"name":"getParentEventId","decl":{"start":{"line":169,"column":16},"end":{"line":169,"column":33}},"loc":{"start":{"line":169,"column":60},"end":{"line":171,"column":null}},"line":169},"7":{"name":"buildRRuleFromForm","decl":{"start":{"line":219,"column":16},"end":{"line":219,"column":35}},"loc":{"start":{"line":235,"column":11},"end":{"line":265,"column":null}},"line":235},"8":{"name":"parseRRuleToForm","decl":{"start":{"line":270,"column":16},"end":{"line":270,"column":33}},"loc":{"start":{"line":270,"column":48},"end":{"line":304,"column":null}},"line":270},"9":{"name":"validateRRule","decl":{"start":{"line":309,"column":16},"end":{"line":309,"column":30}},"loc":{"start":{"line":309,"column":54},"end":{"line":316,"column":null}},"line":309}},"branchMap":{"0":{"loc":{"start":{"line":21,"column":6},"end":{"line":23,"column":null}},"type":"if","locations":[{"start":{"line":21,"column":6},"end":{"line":23,"column":null}},{"start":{},"end":{}}],"line":21},"1":{"loc":{"start":{"line":21,"column":10},"end":{"line":21,"column":24}},"type":"binary-expr","locations":[{"start":{"line":21,"column":10},"end":{"line":21,"column":17}},{"start":{"line":21,"column":17},"end":{"line":21,"column":24}}],"line":21},"2":{"loc":{"start":{"line":34,"column":17},"end":{"line":34,"column":null}},"type":"binary-expr","locations":[{"start":{"line":34,"column":17},"end":{"line":34,"column":41}},{"start":{"line":34,"column":41},"end":{"line":34,"column":null}}],"line":34},"3":{"loc":{"start":{"line":37,"column":4},"end":{"line":39,"column":null}},"type":"if","locations":[{"start":{"line":37,"column":4},"end":{"line":39,"column":null}},{"start":{},"end":{}}],"line":37},"4":{"loc":{"start":{"line":37,"column":8},"end":{"line":37,"column":62}},"type":"binary-expr","locations":[{"start":{"line":37,"column":8},"end":{"line":37,"column":27}},{"start":{"line":37,"column":27},"end":{"line":37,"column":62}}],"line":37},"5":{"loc":{"start":{"line":42,"column":4},"end":{"line":55,"column":null}},"type":"if","locations":[{"start":{"line":42,"column":4},"end":{"line":55,"column":null}},{"start":{},"end":{}}],"line":42},"6":{"loc":{"start":{"line":53,"column":52},"end":{"line":53,"column":66}},"type":"binary-expr","locations":[{"start":{"line":53,"column":52},"end":{"line":53,"column":65}},{"start":{"line":53,"column":65},"end":{"line":53,"column":66}}],"line":53},"7":{"loc":{"start":{"line":58,"column":4},"end":{"line":60,"column":null}},"type":"if","locations":[{"start":{"line":58,"column":4},"end":{"line":60,"column":null}},{"start":{},"end":{}}],"line":58},"8":{"loc":{"start":{"line":63,"column":4},"end":{"line":66,"column":null}},"type":"if","locations":[{"start":{"line":63,"column":4},"end":{"line":66,"column":null}},{"start":{},"end":{}}],"line":63},"9":{"loc":{"start":{"line":86,"column":2},"end":{"line":86,"column":null}},"type":"default-arg","locations":[{"start":{"line":86,"column":18},"end":{"line":86,"column":null}}],"line":86},"10":{"loc":{"start":{"line":90,"column":15},"end":{"line":90,"column":null}},"type":"binary-expr","locations":[{"start":{"line":90,"column":15},"end":{"line":90,"column":31}},{"start":{"line":90,"column":31},"end":{"line":90,"column":null}}],"line":90},"11":{"loc":{"start":{"line":99,"column":22},"end":{"line":99,"column":null}},"type":"cond-expr","locations":[{"start":{"line":99,"column":44},"end":{"line":99,"column":48}},{"start":{"line":99,"column":48},"end":{"line":99,"column":null}}],"line":99},"12":{"loc":{"start":{"line":114,"column":20},"end":{"line":114,"column":null}},"type":"cond-expr","locations":[{"start":{"line":114,"column":40},"end":{"line":114,"column":44}},{"start":{"line":114,"column":44},"end":{"line":114,"column":null}}],"line":114},"13":{"loc":{"start":{"line":119,"column":24},"end":{"line":119,"column":null}},"type":"cond-expr","locations":[{"start":{"line":119,"column":50},"end":{"line":119,"column":61}},{"start":{"line":119,"column":61},"end":{"line":119,"column":null}}],"line":119},"14":{"loc":{"start":{"line":147,"column":2},"end":{"line":149,"column":null}},"type":"if","locations":[{"start":{"line":147,"column":2},"end":{"line":149,"column":null}},{"start":{},"end":{}}],"line":147},"15":{"loc":{"start":{"line":147,"column":6},"end":{"line":147,"column":53}},"type":"binary-expr","locations":[{"start":{"line":147,"column":6},"end":{"line":147,"column":29}},{"start":{"line":147,"column":29},"end":{"line":147,"column":53}}],"line":147},"16":{"loc":{"start":{"line":163,"column":9},"end":{"line":163,"column":null}},"type":"cond-expr","locations":[{"start":{"line":163,"column":33},"end":{"line":163,"column":40}},{"start":{"line":163,"column":40},"end":{"line":163,"column":null}}],"line":163},"17":{"loc":{"start":{"line":170,"column":9},"end":{"line":170,"column":null}},"type":"binary-expr","locations":[{"start":{"line":170,"column":9},"end":{"line":170,"column":34}},{"start":{"line":170,"column":34},"end":{"line":170,"column":null}}],"line":170},"18":{"loc":{"start":{"line":221,"column":2},"end":{"line":221,"column":null}},"type":"default-arg","locations":[{"start":{"line":221,"column":13},"end":{"line":221,"column":null}}],"line":221},"19":{"loc":{"start":{"line":222,"column":2},"end":{"line":222,"column":null}},"type":"default-arg","locations":[{"start":{"line":222,"column":15},"end":{"line":222,"column":null}}],"line":222},"20":{"loc":{"start":{"line":223,"column":2},"end":{"line":223,"column":null}},"type":"default-arg","locations":[{"start":{"line":223,"column":15},"end":{"line":223,"column":null}}],"line":223},"21":{"loc":{"start":{"line":224,"column":2},"end":{"line":224,"column":null}},"type":"default-arg","locations":[{"start":{"line":224,"column":12},"end":{"line":224,"column":null}}],"line":224},"22":{"loc":{"start":{"line":245,"column":2},"end":{"line":247,"column":null}},"type":"if","locations":[{"start":{"line":245,"column":2},"end":{"line":247,"column":null}},{"start":{},"end":{}}],"line":245},"23":{"loc":{"start":{"line":249,"column":2},"end":{"line":251,"column":null}},"type":"if","locations":[{"start":{"line":249,"column":2},"end":{"line":251,"column":null}},{"start":{},"end":{}}],"line":249},"24":{"loc":{"start":{"line":249,"column":6},"end":{"line":249,"column":53}},"type":"binary-expr","locations":[{"start":{"line":249,"column":6},"end":{"line":249,"column":30}},{"start":{"line":249,"column":30},"end":{"line":249,"column":53}}],"line":249},"25":{"loc":{"start":{"line":253,"column":2},"end":{"line":255,"column":null}},"type":"if","locations":[{"start":{"line":253,"column":2},"end":{"line":255,"column":null}},{"start":{},"end":{}}],"line":253},"26":{"loc":{"start":{"line":253,"column":6},"end":{"line":253,"column":43}},"type":"binary-expr","locations":[{"start":{"line":253,"column":6},"end":{"line":253,"column":31}},{"start":{"line":253,"column":31},"end":{"line":253,"column":43}}],"line":253},"27":{"loc":{"start":{"line":257,"column":2},"end":{"line":262,"column":null}},"type":"if","locations":[{"start":{"line":257,"column":2},"end":{"line":262,"column":null}},{"start":{"line":259,"column":2},"end":{"line":262,"column":null}}],"line":257},"28":{"loc":{"start":{"line":257,"column":6},"end":{"line":257,"column":36}},"type":"binary-expr","locations":[{"start":{"line":257,"column":6},"end":{"line":257,"column":29}},{"start":{"line":257,"column":29},"end":{"line":257,"column":36}}],"line":257},"29":{"loc":{"start":{"line":259,"column":2},"end":{"line":262,"column":null}},"type":"if","locations":[{"start":{"line":259,"column":2},"end":{"line":262,"column":null}},{"start":{},"end":{}}],"line":259},"30":{"loc":{"start":{"line":259,"column":13},"end":{"line":259,"column":47}},"type":"binary-expr","locations":[{"start":{"line":259,"column":13},"end":{"line":259,"column":36}},{"start":{"line":259,"column":36},"end":{"line":259,"column":47}}],"line":259},"31":{"loc":{"start":{"line":277,"column":6},"end":{"line":279,"column":null}},"type":"if","locations":[{"start":{"line":277,"column":6},"end":{"line":279,"column":null}},{"start":{},"end":{}}],"line":277},"32":{"loc":{"start":{"line":277,"column":10},"end":{"line":277,"column":24}},"type":"binary-expr","locations":[{"start":{"line":277,"column":10},"end":{"line":277,"column":17}},{"start":{"line":277,"column":17},"end":{"line":277,"column":24}}],"line":277},"33":{"loc":{"start":{"line":290,"column":15},"end":{"line":290,"column":null}},"type":"binary-expr","locations":[{"start":{"line":290,"column":15},"end":{"line":290,"column":39}},{"start":{"line":290,"column":39},"end":{"line":290,"column":null}}],"line":290},"34":{"loc":{"start":{"line":291,"column":16},"end":{"line":291,"column":null}},"type":"cond-expr","locations":[{"start":{"line":291,"column":34},"end":{"line":291,"column":66}},{"start":{"line":291,"column":66},"end":{"line":291,"column":null}}],"line":291},"35":{"loc":{"start":{"line":292,"column":18},"end":{"line":292,"column":null}},"type":"cond-expr","locations":[{"start":{"line":292,"column":38},"end":{"line":292,"column":72}},{"start":{"line":292,"column":72},"end":{"line":292,"column":null}}],"line":292},"36":{"loc":{"start":{"line":293,"column":18},"end":{"line":293,"column":null}},"type":"cond-expr","locations":[{"start":{"line":293,"column":33},"end":{"line":293,"column":59}},{"start":{"line":293,"column":59},"end":{"line":293,"column":null}}],"line":293},"37":{"loc":{"start":{"line":294,"column":15},"end":{"line":294,"column":null}},"type":"cond-expr","locations":[{"start":{"line":294,"column":30},"end":{"line":294,"column":40}},{"start":{"line":294,"column":40},"end":{"line":294,"column":null}}],"line":294},"38":{"loc":{"start":{"line":294,"column":40},"end":{"line":294,"column":null}},"type":"cond-expr","locations":[{"start":{"line":294,"column":55},"end":{"line":294,"column":65}},{"start":{"line":294,"column":65},"end":{"line":294,"column":null}}],"line":294},"39":{"loc":{"start":{"line":295,"column":13},"end":{"line":295,"column":null}},"type":"cond-expr","locations":[{"start":{"line":295,"column":28},"end":{"line":295,"column":57}},{"start":{"line":295,"column":57},"end":{"line":295,"column":null}}],"line":295},"40":{"loc":{"start":{"line":296,"column":17},"end":{"line":296,"column":null}},"type":"cond-expr","locations":[{"start":{"line":296,"column":32},"end":{"line":296,"column":102}},{"start":{"line":296,"column":102},"end":{"line":296,"column":null}}],"line":296}},"s":{"0":11,"1":11,"2":11,"3":11,"4":17,"5":17,"6":16,"7":11,"8":11,"9":11,"10":1,"11":11,"12":2,"13":2,"14":6,"15":2,"16":11,"17":1,"18":11,"19":1,"20":1,"21":11,"22":0,"23":0,"24":0,"25":0,"26":0,"27":0,"28":0,"29":0,"30":0,"31":0,"32":0,"33":0,"34":0,"35":0,"36":0,"37":0,"38":0,"39":0,"40":0,"41":0,"42":0,"43":0,"44":0,"45":0,"46":0,"47":0,"48":0,"49":0,"50":4,"51":2,"52":2,"53":2,"54":2,"55":0,"56":4,"57":4,"58":1,"59":11,"60":11,"61":11,"62":1,"63":11,"64":2,"65":11,"66":2,"67":11,"68":1,"69":10,"70":1,"71":1,"72":11,"73":9,"74":9,"75":9,"76":9,"77":15,"78":15,"79":15,"80":9,"81":9,"82":9,"83":0,"84":0,"85":4,"86":4,"87":4,"88":2},"f":{"0":11,"1":6,"2":0,"3":0,"4":4,"5":4,"6":4,"7":11,"8":9,"9":4},"b":{"0":[16,1],"1":[17,16],"2":[11,1],"3":[1,10],"4":[11,2],"5":[2,9],"6":[6,0],"7":[1,10],"8":[1,10],"9":[0],"10":[0,0],"11":[0,0],"12":[0,0],"13":[0,0],"14":[2,2],"15":[4,3],"16":[1,3],"17":[4,3],"18":[11],"19":[11],"20":[11],"21":[11],"22":[1,10],"23":[2,9],"24":[11,3],"25":[2,9],"26":[11,2],"27":[1,10],"28":[11,1],"29":[1,9],"30":[10,1],"31":[15,0],"32":[15,15],"33":[9,0],"34":[1,8],"35":[1,8],"36":[2,7],"37":[1,8],"38":[1,7],"39":[1,8],"40":[1,8]},"meta":{"lastBranch":41,"lastFunction":10,"lastStatement":89,"seen":{"f:14:16:14:38":0,"s:15:2:72:Infinity":0,"s:16:18:16:Infinity":1,"s:17:46:17:Infinity":2,"s:19:4:24:Infinity":3,"s:20:27:20:Infinity":4,"b:21:6:23:Infinity:undefined:undefined:undefined:undefined":0,"s:21:6:23:Infinity":5,"b:21:10:21:17:21:17:21:24":1,"s:22:8:22:Infinity":6,"s:27:47:32:Infinity":7,"s:34:17:34:Infinity":8,"b:34:17:34:41:34:41:34:Infinity":2,"b:37:4:39:Infinity:undefined:undefined:undefined:undefined":3,"s:37:4:39:Infinity":9,"b:37:8:37:27:37:27:37:62":4,"s:38:6:38:Infinity":10,"b:42:4:55:Infinity:undefined:undefined:undefined:undefined":5,"s:42:4:55:Infinity":11,"s:43:48:51:Infinity":12,"s:53:19:53:Infinity":13,"f:53:47:53:52":1,"s:53:52:53:66":14,"b:53:52:53:65:53:65:53:66":6,"s:54:6:54:Infinity":15,"b:58:4:60:Infinity:undefined:undefined:undefined:undefined":7,"s:58:4:60:Infinity":16,"s:59:6:59:Infinity":17,"b:63:4:66:Infinity:undefined:undefined:undefined:undefined":8,"s:63:4:66:Infinity":18,"s:64:24:64:Infinity":19,"s:65:6:65:Infinity":20,"s:68:4:68:Infinity":21,"s:70:4:70:Infinity":22,"s:71:4:71:Infinity":23,"f:83:16:83:Infinity":2,"b:86:18:86:Infinity":9,"s:89:2:140:Infinity":24,"s:90:15:90:Infinity":25,"b:90:15:90:31:90:31:90:Infinity":10,"s:93:20:93:Infinity":26,"s:94:22:94:Infinity":27,"s:95:23:95:Infinity":28,"s:96:21:96:Infinity":29,"s:98:25:98:Infinity":30,"s:99:22:99:Infinity":31,"b:99:44:99:48:99:48:99:Infinity":11,"s:100:24:100:Infinity":32,"s:104:25:104:Infinity":33,"s:106:10:106:Infinity":34,"s:109:16:109:Infinity":35,"s:110:20:110:Infinity":36,"s:111:21:111:Infinity":37,"s:112:19:112:Infinity":38,"s:113:23:113:Infinity":39,"s:114:20:114:Infinity":40,"b:114:40:114:44:114:44:114:Infinity":12,"s:115:22:115:Infinity":41,"s:116:21:116:Infinity":42,"s:118:20:118:Infinity":43,"s:119:24:119:Infinity":44,"b:119:50:119:61:119:61:119:Infinity":13,"s:122:31:122:Infinity":45,"s:126:4:136:Infinity":46,"f:126:34:126:45":3,"s:128:6:135:Infinity":47,"s:138:4:138:Infinity":48,"s:139:4:139:Infinity":49,"f:146:16:146:35":4,"b:147:2:149:Infinity:undefined:undefined:undefined:undefined":14,"s:147:2:149:Infinity":50,"b:147:6:147:29:147:29:147:53":15,"s:148:4:148:Infinity":51,"s:151:2:156:Infinity":52,"s:152:24:152:Infinity":53,"s:153:4:153:Infinity":54,"s:155:4:155:Infinity":55,"f:162:16:162:36":5,"s:163:2:163:Infinity":56,"b:163:33:163:40:163:40:163:Infinity":16,"f:169:16:169:33":6,"s:170:2:170:Infinity":57,"b:170:9:170:34:170:34:170:Infinity":17,"s:176:34:207:Infinity":58,"f:219:16:219:35":7,"b:221:13:221:Infinity":18,"b:222:15:222:Infinity":19,"b:223:15:223:Infinity":20,"b:224:12:224:Infinity":21,"s:236:18:241:Infinity":59,"s:243:14:243:Infinity":60,"b:245:2:247:Infinity:undefined:undefined:undefined:undefined":22,"s:245:2:247:Infinity":61,"s:246:4:246:Infinity":62,"b:249:2:251:Infinity:undefined:undefined:undefined:undefined":23,"s:249:2:251:Infinity":63,"b:249:6:249:30:249:30:249:53":24,"s:250:4:250:Infinity":64,"b:253:2:255:Infinity:undefined:undefined:undefined:undefined":25,"s:253:2:255:Infinity":65,"b:253:6:253:31:253:31:253:43":26,"s:254:4:254:Infinity":66,"b:257:2:262:Infinity:259:2:262:Infinity":27,"s:257:2:262:Infinity":67,"b:257:6:257:29:257:29:257:36":28,"s:258:4:258:Infinity":68,"b:259:2:262:Infinity:undefined:undefined:undefined:undefined":29,"s:259:2:262:Infinity":69,"b:259:13:259:36:259:36:259:47":30,"s:260:20:260:Infinity":70,"s:261:4:261:Infinity":71,"s:264:2:264:Infinity":72,"f:270:16:270:33":8,"s:271:2:303:Infinity":73,"s:272:18:272:Infinity":74,"s:273:46:273:Infinity":75,"s:275:4:280:Infinity":76,"s:276:27:276:Infinity":77,"b:277:6:279:Infinity:undefined:undefined:undefined:undefined":31,"s:277:6:279:Infinity":78,"b:277:10:277:17:277:17:277:24":32,"s:278:8:278:Infinity":79,"s:282:82:287:Infinity":80,"s:289:26:297:Infinity":81,"b:290:15:290:39:290:39:290:Infinity":33,"b:291:34:291:66:291:66:291:Infinity":34,"b:292:38:292:72:292:72:292:Infinity":35,"b:293:33:293:59:293:59:293:Infinity":36,"b:294:30:294:40:294:40:294:Infinity":37,"b:294:55:294:65:294:65:294:Infinity":38,"b:295:28:295:57:295:57:295:Infinity":39,"b:296:32:296:102:296:102:296:Infinity":40,"s:299:4:299:Infinity":82,"s:301:4:301:Infinity":83,"s:302:4:302:Infinity":84,"f:309:16:309:30":9,"s:310:2:315:Infinity":85,"s:311:4:311:Infinity":86,"s:312:4:312:Infinity":87,"s:314:4:314:Infinity":88}}}
,"C:\\Users\\pipej\\Projects\\glydeproper\\apps\\frontend\\src\\lib\\remindersService.ts": {"path":"C:\\Users\\pipej\\Projects\\glydeproper\\apps\\frontend\\src\\lib\\remindersService.ts","statementMap":{"0":{"start":{"line":18,"column":16},"end":{"line":18,"column":null}},"1":{"start":{"line":25,"column":2},"end":{"line":52,"column":null}},"2":{"start":{"line":26,"column":4},"end":{"line":28,"column":null}},"3":{"start":{"line":27,"column":6},"end":{"line":27,"column":null}},"4":{"start":{"line":30,"column":21},"end":{"line":41,"column":null}},"5":{"start":{"line":43,"column":17},"end":{"line":43,"column":null}},"6":{"start":{"line":45,"column":4},"end":{"line":47,"column":null}},"7":{"start":{"line":46,"column":6},"end":{"line":46,"column":null}},"8":{"start":{"line":49,"column":4},"end":{"line":49,"column":null}},"9":{"start":{"line":51,"column":4},"end":{"line":51,"column":null}},"10":{"start":{"line":60,"column":2},"end":{"line":83,"column":null}},"11":{"start":{"line":61,"column":4},"end":{"line":63,"column":null}},"12":{"start":{"line":62,"column":6},"end":{"line":62,"column":null}},"13":{"start":{"line":65,"column":21},"end":{"line":72,"column":null}},"14":{"start":{"line":74,"column":17},"end":{"line":74,"column":null}},"15":{"start":{"line":76,"column":4},"end":{"line":78,"column":null}},"16":{"start":{"line":77,"column":6},"end":{"line":77,"column":null}},"17":{"start":{"line":80,"column":4},"end":{"line":80,"column":null}},"18":{"start":{"line":82,"column":4},"end":{"line":82,"column":null}},"19":{"start":{"line":92,"column":2},"end":{"line":119,"column":null}},"20":{"start":{"line":93,"column":4},"end":{"line":95,"column":null}},"21":{"start":{"line":94,"column":6},"end":{"line":94,"column":null}},"22":{"start":{"line":97,"column":21},"end":{"line":108,"column":null}},"23":{"start":{"line":110,"column":17},"end":{"line":110,"column":null}},"24":{"start":{"line":112,"column":4},"end":{"line":114,"column":null}},"25":{"start":{"line":113,"column":6},"end":{"line":113,"column":null}},"26":{"start":{"line":116,"column":4},"end":{"line":116,"column":null}},"27":{"start":{"line":118,"column":4},"end":{"line":118,"column":null}},"28":{"start":{"line":127,"column":2},"end":{"line":150,"column":null}},"29":{"start":{"line":128,"column":4},"end":{"line":130,"column":null}},"30":{"start":{"line":129,"column":6},"end":{"line":129,"column":null}},"31":{"start":{"line":132,"column":21},"end":{"line":139,"column":null}},"32":{"start":{"line":141,"column":17},"end":{"line":141,"column":null}},"33":{"start":{"line":143,"column":4},"end":{"line":145,"column":null}},"34":{"start":{"line":144,"column":6},"end":{"line":144,"column":null}},"35":{"start":{"line":147,"column":4},"end":{"line":147,"column":null}},"36":{"start":{"line":149,"column":4},"end":{"line":149,"column":null}}},"fnMap":{"0":{"name":"fetchReminders","decl":{"start":{"line":20,"column":22},"end":{"line":20,"column":null}},"loc":{"start":{"line":24,"column":60},"end":{"line":53,"column":null}},"line":24},"1":{"name":"deleteReminder","decl":{"start":{"line":55,"column":22},"end":{"line":55,"column":null}},"loc":{"start":{"line":59,"column":55},"end":{"line":84,"column":null}},"line":59},"2":{"name":"snoozeReminder","decl":{"start":{"line":86,"column":22},"end":{"line":86,"column":null}},"loc":{"start":{"line":91,"column":55},"end":{"line":120,"column":null}},"line":91},"3":{"name":"dismissEventReminders","decl":{"start":{"line":122,"column":22},"end":{"line":122,"column":null}},"loc":{"start":{"line":126,"column":55},"end":{"line":151,"column":null}},"line":126}},"branchMap":{"0":{"loc":{"start":{"line":18,"column":16},"end":{"line":18,"column":null}},"type":"binary-expr","locations":[{"start":{"line":18,"column":16},"end":{"line":18,"column":58}},{"start":{"line":18,"column":58},"end":{"line":18,"column":null}}],"line":18},"1":{"loc":{"start":{"line":26,"column":4},"end":{"line":28,"column":null}},"type":"if","locations":[{"start":{"line":26,"column":4},"end":{"line":28,"column":null}},{"start":{},"end":{}}],"line":26},"2":{"loc":{"start":{"line":26,"column":8},"end":{"line":26,"column":31}},"type":"binary-expr","locations":[{"start":{"line":26,"column":8},"end":{"line":26,"column":17}},{"start":{"line":26,"column":17},"end":{"line":26,"column":31}}],"line":26},"3":{"loc":{"start":{"line":45,"column":4},"end":{"line":47,"column":null}},"type":"if","locations":[{"start":{"line":45,"column":4},"end":{"line":47,"column":null}},{"start":{},"end":{}}],"line":45},"4":{"loc":{"start":{"line":46,"column":37},"end":{"line":46,"column":79}},"type":"binary-expr","locations":[{"start":{"line":46,"column":37},"end":{"line":46,"column":51}},{"start":{"line":46,"column":51},"end":{"line":46,"column":79}}],"line":46},"5":{"loc":{"start":{"line":49,"column":24},"end":{"line":49,"column":46}},"type":"binary-expr","locations":[{"start":{"line":49,"column":24},"end":{"line":49,"column":42}},{"start":{"line":49,"column":42},"end":{"line":49,"column":46}}],"line":49},"6":{"loc":{"start":{"line":61,"column":4},"end":{"line":63,"column":null}},"type":"if","locations":[{"start":{"line":61,"column":4},"end":{"line":63,"column":null}},{"start":{},"end":{}}],"line":61},"7":{"loc":{"start":{"line":61,"column":8},"end":{"line":61,"column":31}},"type":"binary-expr","locations":[{"start":{"line":61,"column":8},"end":{"line":61,"column":17}},{"start":{"line":61,"column":17},"end":{"line":61,"column":31}}],"line":61},"8":{"loc":{"start":{"line":76,"column":4},"end":{"line":78,"column":null}},"type":"if","locations":[{"start":{"line":76,"column":4},"end":{"line":78,"column":null}},{"start":{},"end":{}}],"line":76},"9":{"loc":{"start":{"line":77,"column":38},"end":{"line":77,"column":80}},"type":"binary-expr","locations":[{"start":{"line":77,"column":38},"end":{"line":77,"column":52}},{"start":{"line":77,"column":52},"end":{"line":77,"column":80}}],"line":77},"10":{"loc":{"start":{"line":93,"column":4},"end":{"line":95,"column":null}},"type":"if","locations":[{"start":{"line":93,"column":4},"end":{"line":95,"column":null}},{"start":{},"end":{}}],"line":93},"11":{"loc":{"start":{"line":93,"column":8},"end":{"line":93,"column":31}},"type":"binary-expr","locations":[{"start":{"line":93,"column":8},"end":{"line":93,"column":17}},{"start":{"line":93,"column":17},"end":{"line":93,"column":31}}],"line":93},"12":{"loc":{"start":{"line":112,"column":4},"end":{"line":114,"column":null}},"type":"if","locations":[{"start":{"line":112,"column":4},"end":{"line":114,"column":null}},{"start":{},"end":{}}],"line":112},"13":{"loc":{"start":{"line":113,"column":38},"end":{"line":113,"column":80}},"type":"binary-expr","locations":[{"start":{"line":113,"column":38},"end":{"line":113,"column":52}},{"start":{"line":113,"column":52},"end":{"line":113,"column":80}}],"line":113},"14":{"loc":{"start":{"line":128,"column":4},"end":{"line":130,"column":null}},"type":"if","locations":[{"start":{"line":128,"column":4},"end":{"line":130,"column":null}},{"start":{},"end":{}}],"line":128},"15":{"loc":{"start":{"line":128,"column":8},"end":{"line":128,"column":31}},"type":"binary-expr","locations":[{"start":{"line":128,"column":8},"end":{"line":128,"column":17}},{"start":{"line":128,"column":17},"end":{"line":128,"column":31}}],"line":128},"16":{"loc":{"start":{"line":143,"column":4},"end":{"line":145,"column":null}},"type":"if","locations":[{"start":{"line":143,"column":4},"end":{"line":145,"column":null}},{"start":{},"end":{}}],"line":143},"17":{"loc":{"start":{"line":144,"column":38},"end":{"line":144,"column":88}},"type":"binary-expr","locations":[{"start":{"line":144,"column":38},"end":{"line":144,"column":52}},{"start":{"line":144,"column":52},"end":{"line":144,"column":88}}],"line":144}},"s":{"0":1,"1":10,"2":10,"3":2,"4":8,"5":7,"6":7,"7":2,"8":5,"9":1,"10":8,"11":8,"12":2,"13":6,"14":5,"15":5,"16":2,"17":3,"18":1,"19":8,"20":8,"21":2,"22":6,"23":5,"24":5,"25":2,"26":3,"27":1,"28":8,"29":8,"30":2,"31":6,"32":5,"33":5,"34":2,"35":3,"36":1},"f":{"0":10,"1":8,"2":8,"3":8},"b":{"0":[1,0],"1":[2,8],"2":[10,9],"3":[2,5],"4":[2,1],"5":[5,1],"6":[2,6],"7":[8,7],"8":[2,3],"9":[2,1],"10":[2,6],"11":[8,7],"12":[2,3],"13":[2,1],"14":[2,6],"15":[8,7],"16":[2,3],"17":[2,1]},"meta":{"lastBranch":18,"lastFunction":4,"lastStatement":37,"seen":{"s:18:16:18:Infinity":0,"b:18:16:18:58:18:58:18:Infinity":0,"f:20:22:20:Infinity":0,"s:25:2:52:Infinity":1,"b:26:4:28:Infinity:undefined:undefined:undefined:undefined":1,"s:26:4:28:Infinity":2,"b:26:8:26:17:26:17:26:31":2,"s:27:6:27:Infinity":3,"s:30:21:41:Infinity":4,"s:43:17:43:Infinity":5,"b:45:4:47:Infinity:undefined:undefined:undefined:undefined":3,"s:45:4:47:Infinity":6,"s:46:6:46:Infinity":7,"b:46:37:46:51:46:51:46:79":4,"s:49:4:49:Infinity":8,"b:49:24:49:42:49:42:49:46":5,"s:51:4:51:Infinity":9,"f:55:22:55:Infinity":1,"s:60:2:83:Infinity":10,"b:61:4:63:Infinity:undefined:undefined:undefined:undefined":6,"s:61:4:63:Infinity":11,"b:61:8:61:17:61:17:61:31":7,"s:62:6:62:Infinity":12,"s:65:21:72:Infinity":13,"s:74:17:74:Infinity":14,"b:76:4:78:Infinity:undefined:undefined:undefined:undefined":8,"s:76:4:78:Infinity":15,"s:77:6:77:Infinity":16,"b:77:38:77:52:77:52:77:80":9,"s:80:4:80:Infinity":17,"s:82:4:82:Infinity":18,"f:86:22:86:Infinity":2,"s:92:2:119:Infinity":19,"b:93:4:95:Infinity:undefined:undefined:undefined:undefined":10,"s:93:4:95:Infinity":20,"b:93:8:93:17:93:17:93:31":11,"s:94:6:94:Infinity":21,"s:97:21:108:Infinity":22,"s:110:17:110:Infinity":23,"b:112:4:114:Infinity:undefined:undefined:undefined:undefined":12,"s:112:4:114:Infinity":24,"s:113:6:113:Infinity":25,"b:113:38:113:52:113:52:113:80":13,"s:116:4:116:Infinity":26,"s:118:4:118:Infinity":27,"f:122:22:122:Infinity":3,"s:127:2:150:Infinity":28,"b:128:4:130:Infinity:undefined:undefined:undefined:undefined":14,"s:128:4:130:Infinity":29,"b:128:8:128:17:128:17:128:31":15,"s:129:6:129:Infinity":30,"s:132:21:139:Infinity":31,"s:141:17:141:Infinity":32,"b:143:4:145:Infinity:undefined:undefined:undefined:undefined":16,"s:143:4:145:Infinity":33,"s:144:6:144:Infinity":34,"b:144:38:144:52:144:52:144:88":17,"s:147:4:147:Infinity":35,"s:149:4:149:Infinity":36}}}
}
